CRITICAL - 2024-01-11 14:07:31 --> TypeError: App\Controllers\CadastroController::cadastro(): Return value must be of type string, none returned
in APPPATH\Controllers\CadastroController.php on line 10.
 1 SYSTEMPATH\CodeIgniter.php(941): App\Controllers\CadastroController->cadastro()
 2 SYSTEMPATH\CodeIgniter.php(502): CodeIgniter\CodeIgniter->runController(Object(App\Controllers\CadastroController))
 3 SYSTEMPATH\CodeIgniter.php(361): CodeIgniter\CodeIgniter->handleRequest(null, Object(Config\Cache), false)
 4 FCPATH\index.php(79): CodeIgniter\CodeIgniter->run()
CRITICAL - 2024-01-11 14:23:50 --> TypeError: App\Controllers\CadastroController::dadosCadastro(): Return value must be of type string, none returned
in APPPATH\Controllers\CadastroController.php on line 15.
 1 SYSTEMPATH\CodeIgniter.php(941): App\Controllers\CadastroController->dadosCadastro()
 2 SYSTEMPATH\CodeIgniter.php(502): CodeIgniter\CodeIgniter->runController(Object(App\Controllers\CadastroController))
 3 SYSTEMPATH\CodeIgniter.php(361): CodeIgniter\CodeIgniter->handleRequest(null, Object(Config\Cache), false)
 4 FCPATH\index.php(79): CodeIgniter\CodeIgniter->run()
CRITICAL - 2024-01-11 14:29:49 --> ErrorException: Undefined variable $msgErro
in APPPATH\Views\login.php on line 127.
 1 APPPATH\Views\login.php(127): CodeIgniter\Debug\Exceptions->errorHandler(2, 'Undefined variable $msgErro', 'C:\\xampp\\htdocs\\barbearia\\app\\Views\\login.php', 127)
 2 SYSTEMPATH\View\View.php(228): include('C:\\xampp\\htdocs\\barbearia\\app\\Views\\login.php')
 3 SYSTEMPATH\View\View.php(231): CodeIgniter\View\View->CodeIgniter\View\{closure}()
 4 SYSTEMPATH\Common.php(1178): CodeIgniter\View\View->render('login', [], true)
 5 APPPATH\Controllers\LoginController.php(9): view('login')
 6 SYSTEMPATH\CodeIgniter.php(941): App\Controllers\LoginController->login()
 7 SYSTEMPATH\CodeIgniter.php(502): CodeIgniter\CodeIgniter->runController(Object(App\Controllers\LoginController))
 8 SYSTEMPATH\CodeIgniter.php(361): CodeIgniter\CodeIgniter->handleRequest(null, Object(Config\Cache), false)
 9 FCPATH\index.php(79): CodeIgniter\CodeIgniter->run()
